"H:/GameDev/LuxJam/WarMaChain/Content/Playfab/WBP_Hud.uasset" 0
"H:/GameDev/LuxJam/WarMaChain/Content/Playfab/WBP_Hud.uexp" 1
"../../../Engine/Content/EngineFonts/Faces/RobotoRegular.uasset" 2
"../../../Engine/Content/EngineFonts/Faces/RobotoRegular.uexp" 3
"../../../Engine/Content/EngineFonts/Faces/RobotoRegular.ufont" 4
"../../../Engine/Content/EngineFonts/Faces/RobotoLight.uasset" 5
"../../../Engine/Content/EngineFonts/Faces/RobotoLight.uexp" 6
"../../../Engine/Content/EngineFonts/Faces/RobotoLight.ufont" 7
"../../../Engine/Content/EngineFonts/Faces/RobotoItalic.uasset" 8
"../../../Engine/Content/EngineFonts/Faces/RobotoItalic.uexp" 9
"../../../Engine/Content/EngineFonts/Faces/RobotoItalic.ufont" 10
"../../../Engine/Content/EngineFonts/Faces/RobotoBoldItalic.uasset" 11
"../../../Engine/Content/EngineFonts/Faces/RobotoBoldItalic.uexp" 12
"../../../Engine/Content/EngineFonts/Faces/RobotoBoldItalic.ufont" 13
"../../../Engine/Content/EngineFonts/Faces/RobotoBold.uasset" 14
"../../../Engine/Content/EngineFonts/Faces/RobotoBold.uexp" 15
"../../../Engine/Content/EngineFonts/Faces/RobotoBold.ufont" 16
"../../../Engine/Content/EngineFonts/Faces/DroidSansFallback.uasset" 17
"../../../Engine/Content/EngineFonts/Faces/DroidSansFallback.uexp" 18
"../../../Engine/Content/EngineFonts/Faces/DroidSansFallback.ufont" 19
"../../../Engine/Content/EngineFonts/Roboto.uasset" 20
"../../../Engine/Content/EngineFonts/Roboto.uexp" 21
"../../../Engine/Content/EditorBlueprintResources/StandardMacros.uasset" 22
"../../../Engine/Content/EditorBlueprintResources/StandardMacros.uexp" 23
"H:/GameDev/LuxJam/WarMaChain/Content/Playfab/PlayFabWidgets/WBF_PFText.uasset" 24
"H:/GameDev/LuxJam/WarMaChain/Content/Playfab/PlayFabWidgets/WBF_PFText.uexp" 25
"H:/GameDev/LuxJam/WarMaChain/Content/Playfab/PlayFabWidgets/WBP_PFLogin.uasset" 26
"H:/GameDev/LuxJam/WarMaChain/Content/Playfab/PlayFabWidgets/WBP_PFLogin.uexp" 27
"H:/GameDev/LuxJam/WarMaChain/Content/Playfab/PlayFabWidgets/WBP_PFRecover.uasset" 28
"H:/GameDev/LuxJam/WarMaChain/Content/Playfab/PlayFabWidgets/WBP_PFRecover.uexp" 29
"H:/GameDev/LuxJam/WarMaChain/Content/Playfab/PlayFabWidgets/WBP_PFRegister.uasset" 30
"H:/GameDev/LuxJam/WarMaChain/Content/Playfab/PlayFabWidgets/WBP_PFRegister.uexp" 31
"H:/GameDev/LuxJam/WarMaChain/Content/Playfab/PlayFabWidgets/WBP_ErrorMessage.uasset" 32
"H:/GameDev/LuxJam/WarMaChain/Content/Playfab/PlayFabWidgets/WBP_ErrorMessage.uexp" 33
"H:/GameDev/LuxJam/WarMaChain/Content/Playfab/PlayFabWidgets/WBP_PFInterface.uasset" 34
"H:/GameDev/LuxJam/WarMaChain/Content/Playfab/PlayFabWidgets/WBP_PFInterface.uexp" 35
"H:/GameDev/LuxJam/WarMaChain/Content/SOUNDS/BGMusic/organagogoflute.uasset" 36
"H:/GameDev/LuxJam/WarMaChain/Content/SOUNDS/BGMusic/organagogoflute.uexp" 37
"H:/GameDev/LuxJam/WarMaChain/Content/SOUNDS/BGMusic/bambimbambambambam.uasset" 38
"H:/GameDev/LuxJam/WarMaChain/Content/SOUNDS/BGMusic/bambimbambambambam.uexp" 39
"H:/GameDev/LuxJam/WarMaChain/Content/SOUNDS/BGMusic/AGOGOFLUTE_CUE.uasset" 40
"H:/GameDev/LuxJam/WarMaChain/Content/SOUNDS/BGMusic/AGOGOFLUTE_CUE.uexp" 41
"H:/GameDev/LuxJam/WarMaChain/Content/Materials/M_ColorBase.uasset" 42
"H:/GameDev/LuxJam/WarMaChain/Content/Materials/M_ColorBase.uexp" 43
"H:/GameDev/LuxJam/WarMaChain/Content/Materials/M_GlowColor_Inst.uasset" 44
"H:/GameDev/LuxJam/WarMaChain/Content/Materials/M_GlowColor_Inst.uexp" 45
"H:/GameDev/LuxJam/WarMaChain/Content/Materials/M_Building_Inst.uasset" 46
"H:/GameDev/LuxJam/WarMaChain/Content/Materials/M_Building_Inst.uexp" 47
"H:/GameDev/LuxJam/WarMaChain/Content/Materials/M_TileFrame_Inst.uasset" 48
"H:/GameDev/LuxJam/WarMaChain/Content/Materials/M_TileFrame_Inst.uexp" 49
"H:/GameDev/LuxJam/WarMaChain/Content/Materials/M_GunMetal_Inst.uasset" 50
"H:/GameDev/LuxJam/WarMaChain/Content/Materials/M_GunMetal_Inst.uexp" 51
"H:/GameDev/LuxJam/WarMaChain/Content/Meshes/Barracks.uasset" 52
"H:/GameDev/LuxJam/WarMaChain/Content/Meshes/Barracks.uexp" 53
"H:/GameDev/LuxJam/WarMaChain/Content/Actors/BP_ProductBase.uasset" 54
"H:/GameDev/LuxJam/WarMaChain/Content/Actors/BP_ProductBase.uexp" 55
"H:/GameDev/LuxJam/WarMaChain/Content/Materials/M_Person_Inst.uasset" 56
"H:/GameDev/LuxJam/WarMaChain/Content/Materials/M_Person_Inst.uexp" 57
"H:/GameDev/LuxJam/WarMaChain/Content/Materials/M_Fire_Inst.uasset" 58
"H:/GameDev/LuxJam/WarMaChain/Content/Materials/M_Fire_Inst.uexp" 59
"H:/GameDev/LuxJam/WarMaChain/Content/Meshes/Farm.uasset" 60
"H:/GameDev/LuxJam/WarMaChain/Content/Meshes/Farm.uexp" 61
"H:/GameDev/LuxJam/WarMaChain/Content/Actors/BP_Farm.uasset" 62
"H:/GameDev/LuxJam/WarMaChain/Content/Actors/BP_Farm.uexp" 63
"H:/GameDev/LuxJam/WarMaChain/Content/CommandCenter/WBP_EndGameScreen.uasset" 64
"H:/GameDev/LuxJam/WarMaChain/Content/CommandCenter/WBP_EndGameScreen.uexp" 65
"H:/GameDev/LuxJam/WarMaChain/Content/CommandCenter/WBP_ChainHUD.uasset" 66
"H:/GameDev/LuxJam/WarMaChain/Content/CommandCenter/WBP_ChainHUD.uexp" 67
"H:/GameDev/LuxJam/WarMaChain/Content/CommandCenter/DeckItems/DropProductOperation.uasset" 68
"H:/GameDev/LuxJam/WarMaChain/Content/CommandCenter/DeckItems/DropProductOperation.uexp" 69
"H:/GameDev/LuxJam/WarMaChain/Content/Materials/M_Dark_Inst.uasset" 70
"H:/GameDev/LuxJam/WarMaChain/Content/Materials/M_Dark_Inst.uexp" 71
"H:/GameDev/LuxJam/WarMaChain/Content/Meshes/Reactor.uasset" 72
"H:/GameDev/LuxJam/WarMaChain/Content/Meshes/Reactor.uexp" 73
"H:/GameDev/LuxJam/WarMaChain/Content/Actors/BP_Reactor.uasset" 74
"H:/GameDev/LuxJam/WarMaChain/Content/Actors/BP_Reactor.uexp" 75
"H:/GameDev/LuxJam/WarMaChain/Content/Meshes/Person.uasset" 76
"H:/GameDev/LuxJam/WarMaChain/Content/Meshes/Person.uexp" 77
"H:/GameDev/LuxJam/WarMaChain/Content/Meshes/Gun.uasset" 78
"H:/GameDev/LuxJam/WarMaChain/Content/Meshes/Gun.uexp" 79
"H:/GameDev/LuxJam/WarMaChain/Content/Actors/BP_Troop.uasset" 80
"H:/GameDev/LuxJam/WarMaChain/Content/Actors/BP_Troop.uexp" 81
"H:/GameDev/LuxJam/WarMaChain/Content/SOUNDS/Radar.uasset" 82
"H:/GameDev/LuxJam/WarMaChain/Content/SOUNDS/Radar.uexp" 83
"H:/GameDev/LuxJam/WarMaChain/Content/SOUNDS/LaunchSound.uasset" 84
"H:/GameDev/LuxJam/WarMaChain/Content/SOUNDS/LaunchSound.uexp" 85
"H:/GameDev/LuxJam/WarMaChain/Content/SOUNDS/Radio_Sound.uasset" 86
"H:/GameDev/LuxJam/WarMaChain/Content/SOUNDS/Radio_Sound.uexp" 87
"H:/GameDev/LuxJam/WarMaChain/Content/SOUNDS/ExplotionSound.uasset" 88
"H:/GameDev/LuxJam/WarMaChain/Content/SOUNDS/ExplotionSound.uexp" 89
"H:/GameDev/LuxJam/WarMaChain/Content/CommandCenter/BP_ChainPawn.uasset" 90
"H:/GameDev/LuxJam/WarMaChain/Content/CommandCenter/BP_ChainPawn.uexp" 91
"H:/GameDev/LuxJam/WarMaChain/Content/ActorHelpers/BP_CamShake.uasset" 92
"H:/GameDev/LuxJam/WarMaChain/Content/ActorHelpers/BP_CamShake.uexp" 93
"H:/GameDev/LuxJam/WarMaChain/Content/Meshes/Bomba.uasset" 94
"H:/GameDev/LuxJam/WarMaChain/Content/Meshes/Bomba.uexp" 95
"../../../Engine/Content/EngineResources/WhiteSquareTexture.uasset" 96
"../../../Engine/Content/EngineResources/WhiteSquareTexture.uexp" 97
"../../../Engine/Content/EngineMaterials/Widget3DPassThrough.uasset" 98
"../../../Engine/Content/EngineMaterials/Widget3DPassThrough.uexp" 99
"../../../Engine/Content/EngineMaterials/Widget3DPassThrough_Translucent.uasset" 100
"../../../Engine/Content/EngineMaterials/Widget3DPassThrough_Translucent.uexp" 101
"H:/GameDev/LuxJam/WarMaChain/Content/ActorHelpers/WBP_FillGauge.uasset" 102
"H:/GameDev/LuxJam/WarMaChain/Content/ActorHelpers/WBP_FillGauge.uexp" 103
"H:/GameDev/LuxJam/WarMaChain/Content/Materials/M_Gold_Inst.uasset" 104
"H:/GameDev/LuxJam/WarMaChain/Content/Materials/M_Gold_Inst.uexp" 105
"H:/GameDev/LuxJam/WarMaChain/Content/Meshes/Mine.uasset" 106
"H:/GameDev/LuxJam/WarMaChain/Content/Meshes/Mine.uexp" 107
"H:/GameDev/LuxJam/WarMaChain/Content/Actors/BP_Mine.uasset" 108
"H:/GameDev/LuxJam/WarMaChain/Content/Actors/BP_Mine.uexp" 109
"H:/GameDev/LuxJam/WarMaChain/Content/Actors/BP_Refugees.uasset" 110
"H:/GameDev/LuxJam/WarMaChain/Content/Actors/BP_Refugees.uexp" 111
"H:/GameDev/LuxJam/WarMaChain/Content/Materials/M_Tan_Inst.uasset" 112
"H:/GameDev/LuxJam/WarMaChain/Content/Materials/M_Tan_Inst.uexp" 113
"H:/GameDev/LuxJam/WarMaChain/Content/Materials/M_CardBack_Inst.uasset" 114
"H:/GameDev/LuxJam/WarMaChain/Content/Materials/M_CardBack_Inst.uexp" 115
"H:/GameDev/LuxJam/WarMaChain/Content/Meshes/HexaTileMesh.uasset" 116
"H:/GameDev/LuxJam/WarMaChain/Content/Meshes/HexaTileMesh.uexp" 117
"H:/GameDev/LuxJam/WarMaChain/Content/CommandCenter/BP_MaChain_GMBase.uasset" 118
"H:/GameDev/LuxJam/WarMaChain/Content/CommandCenter/BP_MaChain_GMBase.uexp" 119
"H:/GameDev/LuxJam/WarMaChain/Content/Actors/BP_HexaTile.uasset" 120
"H:/GameDev/LuxJam/WarMaChain/Content/Actors/BP_HexaTile.uexp" 121
"H:/GameDev/LuxJam/WarMaChain/Content/Actors/BP_BOMBA.uasset" 122
"H:/GameDev/LuxJam/WarMaChain/Content/Actors/BP_BOMBA.uexp" 123
"H:/GameDev/LuxJam/WarMaChain/Content/Actors/BP_Scientist.uasset" 124
"H:/GameDev/LuxJam/WarMaChain/Content/Actors/BP_Scientist.uexp" 125
"H:/GameDev/LuxJam/WarMaChain/Content/Actors/BP_Barracks.uasset" 126
"H:/GameDev/LuxJam/WarMaChain/Content/Actors/BP_Barracks.uexp" 127
"H:/GameDev/LuxJam/WarMaChain/Content/Textures/T_Soldat.uasset" 128
"H:/GameDev/LuxJam/WarMaChain/Content/Textures/T_Soldat.uexp" 129
"H:/GameDev/LuxJam/WarMaChain/Content/Textures/T_Rector.uasset" 130
"H:/GameDev/LuxJam/WarMaChain/Content/Textures/T_Rector.uexp" 131
"H:/GameDev/LuxJam/WarMaChain/Content/Textures/T_Mine.uasset" 132
"H:/GameDev/LuxJam/WarMaChain/Content/Textures/T_Mine.uexp" 133
"H:/GameDev/LuxJam/WarMaChain/Content/Textures/T_Farm.uasset" 134
"H:/GameDev/LuxJam/WarMaChain/Content/Textures/T_Farm.uexp" 135
"H:/GameDev/LuxJam/WarMaChain/Content/Textures/T_DaBOMBA.uasset" 136
"H:/GameDev/LuxJam/WarMaChain/Content/Textures/T_DaBOMBA.uexp" 137
"H:/GameDev/LuxJam/WarMaChain/Content/Textures/T_Baraks.uasset" 138
"H:/GameDev/LuxJam/WarMaChain/Content/Textures/T_Baraks.uexp" 139
"H:/GameDev/LuxJam/WarMaChain/Content/CommandCenter/DeckItems/WBP_DeckItem.uasset" 140
"H:/GameDev/LuxJam/WarMaChain/Content/CommandCenter/DeckItems/WBP_DeckItem.uexp" 141
"H:/GameDev/LuxJam/WarMaChain/Content/Controllers/BP_ChainController.uasset" 142
"H:/GameDev/LuxJam/WarMaChain/Content/Controllers/BP_ChainController.uexp" 143
"H:/GameDev/LuxJam/WarMaChain/Content/Playfab/BP_PC_PF.uasset" 144
"H:/GameDev/LuxJam/WarMaChain/Content/Playfab/BP_PC_PF.uexp" 145
"H:/GameDev/LuxJam/WarMaChain/Content/Playfab/BP_GI_PF.uasset" 146
"H:/GameDev/LuxJam/WarMaChain/Content/Playfab/BP_GI_PF.uexp" 147
"H:/GameDev/LuxJam/WarMaChain/Content/Playfab/BP_PC.uasset" 148
"H:/GameDev/LuxJam/WarMaChain/Content/Playfab/BP_PC.uexp" 149
"H:/GameDev/LuxJam/WarMaChain/Content/Materials/M_CardBase_Inst.uasset" 150
"H:/GameDev/LuxJam/WarMaChain/Content/Materials/M_CardBase_Inst.uexp" 151
"../../../Engine/Content/EngineMaterials/T_Default_Material_Grid_N.uasset" 152
"../../../Engine/Content/EngineMaterials/T_Default_Material_Grid_N.uexp" 153
"../../../Engine/Content/EngineMaterials/T_Default_Material_Grid_N.ubulk" 154
"../../../Engine/Content/EngineMaterials/T_Default_Material_Grid_M.uasset" 155
"../../../Engine/Content/EngineMaterials/T_Default_Material_Grid_M.uexp" 156
"../../../Engine/Content/EngineMaterials/T_Default_Material_Grid_M.ubulk" 157
"../../../Engine/Content/Functions/Engine_MaterialFunctions01/Opacity/CameraDepthFade.uasset" 158
"../../../Engine/Content/Functions/Engine_MaterialFunctions01/Opacity/CameraDepthFade.uexp" 159
"../../../Engine/Content/EngineMaterials/WorldGridMaterial.uasset" 160
"../../../Engine/Content/EngineMaterials/WorldGridMaterial.uexp" 161
"H:/GameDev/LuxJam/WarMaChain/Content/Meshes/CardBox.uasset" 162
"H:/GameDev/LuxJam/WarMaChain/Content/Meshes/CardBox.uexp" 163
"H:/GameDev/LuxJam/WarMaChain/Content/Meshes/Rocket.uasset" 164
"H:/GameDev/LuxJam/WarMaChain/Content/Meshes/Rocket.uexp" 165
"H:/GameDev/LuxJam/WarMaChain/Content/Materials/M_TileInner.uasset" 166
"H:/GameDev/LuxJam/WarMaChain/Content/Materials/M_TileInner.uexp" 167
"H:/GameDev/LuxJam/WarMaChain/Content/Materials/M_TileInner_Inst.uasset" 168
"H:/GameDev/LuxJam/WarMaChain/Content/Materials/M_TileInner_Inst.uexp" 169
"H:/GameDev/LuxJam/WarMaChain/Content/Materials/M_CardFrame_Inst.uasset" 170
"H:/GameDev/LuxJam/WarMaChain/Content/Materials/M_CardFrame_Inst.uexp" 171
"H:/GameDev/LuxJam/WarMaChain/Content/SOUNDS/TinningSound.uasset" 172
"H:/GameDev/LuxJam/WarMaChain/Content/SOUNDS/TinningSound.uexp" 173
"H:/GameDev/LuxJam/WarMaChain/Content/SOUNDS/BGMusic/background1.uasset" 174
"H:/GameDev/LuxJam/WarMaChain/Content/SOUNDS/BGMusic/background1.uexp" 175
"H:/GameDev/LuxJam/WarMaChain/Content/SOUNDS/BGMusic/Fighting_Cue.uasset" 176
"H:/GameDev/LuxJam/WarMaChain/Content/SOUNDS/BGMusic/Fighting_Cue.uexp" 177
"H:/GameDev/LuxJam/WarMaChain/Content/SOUNDS/BGMusic/organ-agogo.uasset" 178
"H:/GameDev/LuxJam/WarMaChain/Content/SOUNDS/BGMusic/organ-agogo.uexp" 179
"../../../Engine/Content/ArtTools/RenderToTexture/Meshes/S_1_Unit_Plane.uasset" 180
"../../../Engine/Content/ArtTools/RenderToTexture/Meshes/S_1_Unit_Plane.uexp" 181
"../../../Engine/Content/EngineMaterials/DefaultMaterial.uasset" 182
"../../../Engine/Content/EngineMaterials/DefaultMaterial.uexp" 183
"../../../Engine/Content/BasicShapes/Cone.uasset" 184
"../../../Engine/Content/BasicShapes/Cone.uexp" 185
"../../../Engine/Content/BasicShapes/Cube.uasset" 186
"../../../Engine/Content/BasicShapes/Cube.uexp" 187
"../../../Engine/Content/BasicShapes/Plane.uasset" 188
"../../../Engine/Content/BasicShapes/Plane.uexp" 189
"../../../Engine/Content/BasicShapes/Sphere.uasset" 190
"../../../Engine/Content/BasicShapes/Sphere.uexp" 191
"../../../Engine/Content/EditorLandscapeResources/DataLayer.uasset" 192
"../../../Engine/Content/EditorLandscapeResources/DataLayer.uexp" 193
"../../../Engine/Content/EditorLandscapeResources/DefaultAlphaTexture.uasset" 194
"../../../Engine/Content/EditorLandscapeResources/DefaultAlphaTexture.uexp" 195
"../../../Engine/Content/EditorMaterials/MAT_Groups_Toggle.uasset" 196
"../../../Engine/Content/EditorMaterials/MAT_Groups_Toggle.uexp" 197
"../../../Engine/Content/EditorMaterials/MAT_Groups_Visibility.uasset" 198
"../../../Engine/Content/EditorMaterials/MAT_Groups_Visibility.uexp" 199
"../../../Engine/Content/EditorMaterials/PreviewShadowIndicator.uasset" 200
"../../../Engine/Content/EditorMaterials/PreviewShadowIndicator.uexp" 201
"../../../Engine/Content/EditorMaterials/PreviewShadowIndicator.ubulk" 202
"../../../Engine/Content/EditorMaterials/PreviewShadowIndicatorMaterial.uasset" 203
"../../../Engine/Content/EditorMaterials/PreviewShadowIndicatorMaterial.uexp" 204
"../../../Engine/Content/EditorMaterials/MatineeGroups/MAT_ColorTrack.uasset" 205
"../../../Engine/Content/EditorMaterials/MatineeGroups/MAT_ColorTrack.uexp" 206
"../../../Engine/Content/EditorMaterials/MatineeGroups/MAT_Groups_Anim.uasset" 207
"../../../Engine/Content/EditorMaterials/MatineeGroups/MAT_Groups_Anim.uexp" 208
"../../../Engine/Content/EditorMaterials/MatineeGroups/MAT_Groups_AudioMaster.uasset" 209
"../../../Engine/Content/EditorMaterials/MatineeGroups/MAT_Groups_AudioMaster.uexp" 210
"../../../Engine/Content/EditorMaterials/MatineeGroups/MAT_Groups_Director.uasset" 211
"../../../Engine/Content/EditorMaterials/MatineeGroups/MAT_Groups_Director.uexp" 212
"../../../Engine/Content/EditorMaterials/MatineeGroups/MAT_Groups_Event.uasset" 213
"../../../Engine/Content/EditorMaterials/MatineeGroups/MAT_Groups_Event.uexp" 214
"../../../Engine/Content/EditorMaterials/MatineeGroups/MAT_Groups_Fade.uasset" 215
"../../../Engine/Content/EditorMaterials/MatineeGroups/MAT_Groups_Fade.uexp" 216
"../../../Engine/Content/EditorMaterials/MatineeGroups/MAT_Groups_Float.uasset" 217
"../../../Engine/Content/EditorMaterials/MatineeGroups/MAT_Groups_Float.uexp" 218
"../../../Engine/Content/EditorMaterials/MatineeGroups/MAT_Groups_Move.uasset" 219
"../../../Engine/Content/EditorMaterials/MatineeGroups/MAT_Groups_Move.uexp" 220
"../../../Engine/Content/EditorMaterials/MatineeGroups/MAT_Groups_Slomo.uasset" 221
"../../../Engine/Content/EditorMaterials/MatineeGroups/MAT_Groups_Slomo.uexp" 222
"../../../Engine/Content/EditorMaterials/MatineeGroups/MAT_Groups_Sound.uasset" 223
"../../../Engine/Content/EditorMaterials/MatineeGroups/MAT_Groups_Sound.uexp" 224
"../../../Engine/Content/EditorMaterials/MatineeGroups/MAT_Groups_Vector.uasset" 225
"../../../Engine/Content/EditorMaterials/MatineeGroups/MAT_Groups_Vector.uexp" 226
"../../../Engine/Content/EditorMaterials/ParticleSystems/PSysThumbnail_NoImage.uasset" 227
"../../../Engine/Content/EditorMaterials/ParticleSystems/PSysThumbnail_NoImage.uexp" 228
"../../../Engine/Content/EditorMaterials/ParticleSystems/PSysThumbnail_NoImage.ubulk" 229
"../../../Engine/Content/EditorMaterials/ParticleSystems/PSysThumbnail_OOD.uasset" 230
"../../../Engine/Content/EditorMaterials/ParticleSystems/PSysThumbnail_OOD.uexp" 231
"../../../Engine/Content/EditorMaterials/ParticleSystems/PSysThumbnail_OOD.ubulk" 232
"../../../Engine/Content/EditorMaterials/Camera/CineMat.uasset" 233
"../../../Engine/Content/EditorMaterials/Camera/CineMat.uexp" 234
"../../../Engine/Content/EditorMaterials/Camera/MI_CineMat_Rig.uasset" 235
"../../../Engine/Content/EditorMaterials/Camera/MI_CineMat_Rig.uexp" 236
"../../../Engine/Content/EditorMeshes/Camera/SM_CraneRig_Arm.uasset" 237
"../../../Engine/Content/EditorMeshes/Camera/SM_CraneRig_Arm.uexp" 238
"../../../Engine/Content/EditorMeshes/Camera/SM_CraneRig_Base.uasset" 239
"../../../Engine/Content/EditorMeshes/Camera/SM_CraneRig_Base.uexp" 240
"../../../Engine/Content/EditorMeshes/Camera/SM_CraneRig_Body.uasset" 241
"../../../Engine/Content/EditorMeshes/Camera/SM_CraneRig_Body.uexp" 242
"../../../Engine/Content/EditorMeshes/Camera/SM_CraneRig_Mount.uasset" 243
"../../../Engine/Content/EditorMeshes/Camera/SM_CraneRig_Mount.uexp" 244
"../../../Engine/Content/EditorMeshes/Camera/SM_RailRig_Mount.uasset" 245
"../../../Engine/Content/EditorMeshes/Camera/SM_RailRig_Mount.uexp" 246
"../../../Engine/Content/EditorMeshes/Camera/SM_RailRig_Track.uasset" 247
"../../../Engine/Content/EditorMeshes/Camera/SM_RailRig_Track.uexp" 248
"../../../Engine/Content/EditorResources/BSPVertex.uasset" 249
"../../../Engine/Content/EditorResources/BSPVertex.uexp" 250
"../../../Engine/Content/EditorResources/EmptyActor.uasset" 251
"../../../Engine/Content/EditorResources/EmptyActor.uexp" 252
"../../../Engine/Content/EditorResources/S_Actor.uasset" 253
"../../../Engine/Content/EditorResources/S_Actor.uexp" 254
"../../../Engine/Content/EditorResources/S_Actor.ubulk" 255
"../../../Engine/Content/EditorResources/S_Note.uasset" 256
"../../../Engine/Content/EditorResources/S_Note.uexp" 257
"../../../Engine/Content/EditorResources/S_Note.ubulk" 258
"../../../Engine/Content/EditorResources/S_Solver.uasset" 259
"../../../Engine/Content/EditorResources/S_Solver.uexp" 260
"../../../Engine/Content/EditorResources/S_Solver.ubulk" 261
"../../../Engine/Content/EditorResources/S_Terrain.uasset" 262
"../../../Engine/Content/EditorResources/S_Terrain.uexp" 263
"../../../Engine/Content/EditorResources/S_Terrain.ubulk" 264
"../../../Engine/Content/EditorResources/S_Trigger.uasset" 265
"../../../Engine/Content/EditorResources/S_Trigger.uexp" 266
"../../../Engine/Content/EditorResources/S_Trigger.ubulk" 267
"../../../Engine/Content/EditorResources/LightIcons/S_LightError.uasset" 268
"../../../Engine/Content/EditorResources/LightIcons/S_LightError.uexp" 269
"../../../Engine/Content/EditorResources/SequenceRecorder/Countdown.uasset" 270
"../../../Engine/Content/EditorResources/SequenceRecorder/Countdown.uexp" 271
"../../../Engine/Content/EditorResources/SequenceRecorder/RecordingIndicator.uasset" 272
"../../../Engine/Content/EditorResources/SequenceRecorder/RecordingIndicator.uexp" 273
"../../../Engine/Content/EngineDamageTypes/DmgTypeBP_Environmental.uasset" 274
"../../../Engine/Content/EngineDamageTypes/DmgTypeBP_Environmental.uexp" 275
"../../../Engine/Content/EngineDebugMaterials/DebugEditorMaterial.uasset" 276
"../../../Engine/Content/EngineDebugMaterials/DebugEditorMaterial.uexp" 277
"../../../Engine/Content/EngineDebugMaterials/DebugMeshMaterial.uasset" 278
"../../../Engine/Content/EngineDebugMaterials/DebugMeshMaterial.uexp" 279
"../../../Engine/Content/EngineDebugMaterials/M_SimpleUnlitTranslucent.uasset" 280
"../../../Engine/Content/EngineDebugMaterials/M_SimpleUnlitTranslucent.uexp" 281
"../../../Engine/Content/EngineDebugMaterials/VolumeToRender.uasset" 282
"../../../Engine/Content/EngineDebugMaterials/VolumeToRender.uexp" 283
"../../../Engine/Content/Functions/Engine_MaterialFunctions02/Utility/CameraDirectionVector.uasset" 284
"../../../Engine/Content/Functions/Engine_MaterialFunctions02/Utility/CameraDirectionVector.uexp" 285
"../../../Engine/Content/EngineDebugMaterials/M_VolumeRenderSphereTracePP.uasset" 286
"../../../Engine/Content/EngineDebugMaterials/M_VolumeRenderSphereTracePP.uexp" 287
"../../../Engine/Content/Functions/Engine_MaterialFunctions01/Shading/ConvertFromDiffSpec.uasset" 288
"../../../Engine/Content/Functions/Engine_MaterialFunctions01/Shading/ConvertFromDiffSpec.uexp" 289
"../../../Engine/Content/EngineDebugMaterials/VertexColorMaterial.uasset" 290
"../../../Engine/Content/EngineDebugMaterials/VertexColorMaterial.uexp" 291
"../../../Engine/Content/EngineDebugMaterials/WireframeMaterial.uasset" 292
"../../../Engine/Content/EngineDebugMaterials/WireframeMaterial.uexp" 293
"../../../Engine/Content/EngineMaterials/BaseFlattenNormalMap.uasset" 294
"../../../Engine/Content/EngineMaterials/BaseFlattenNormalMap.uexp" 295
"../../../Engine/Content/EngineMaterials/BaseFlattenGrayscaleMap.uasset" 296
"../../../Engine/Content/EngineMaterials/BaseFlattenGrayscaleMap.uexp" 297
"../../../Engine/Content/EngineMaterials/BaseFlattenEmissiveMap.uasset" 298
"../../../Engine/Content/EngineMaterials/BaseFlattenEmissiveMap.uexp" 299
"../../../Engine/Content/EngineMaterials/BaseFlattenDiffuseMap.uasset" 300
"../../../Engine/Content/EngineMaterials/BaseFlattenDiffuseMap.uexp" 301
"../../../Engine/Content/EngineMaterials/BaseFlattenMaterial.uasset" 302
"../../../Engine/Content/EngineMaterials/BaseFlattenMaterial.uexp" 303
"../../../Engine/Content/EngineMaterials/BlueNoise.uasset" 304
"../../../Engine/Content/EngineMaterials/BlueNoise.uexp" 305
"../../../Engine/Content/EngineMaterials/DefaultBloomKernel.uasset" 306
"../../../Engine/Content/EngineMaterials/DefaultBloomKernel.uexp" 307
"../../../Engine/Content/EngineMaterials/DefaultBokeh.uasset" 308
"../../../Engine/Content/EngineMaterials/DefaultBokeh.uexp" 309
"../../../Engine/Content/EngineMaterials/DefaultDiffuse.uasset" 310
"../../../Engine/Content/EngineMaterials/DefaultDiffuse.uexp" 311
"../../../Engine/Content/EngineMaterials/DefaultDiffuse.ubulk" 312
"../../../Engine/Content/EngineMaterials/DefaultDeferredDecalMaterial.uasset" 313
"../../../Engine/Content/EngineMaterials/DefaultDeferredDecalMaterial.uexp" 314
"../../../Engine/Content/EngineMaterials/DefaultLightFunctionMaterial.uasset" 315
"../../../Engine/Content/EngineMaterials/DefaultLightFunctionMaterial.uexp" 316
"../../../Engine/Content/EngineMaterials/DefaultPhysicalMaterial.uasset" 317
"../../../Engine/Content/EngineMaterials/DefaultPhysicalMaterial.uexp" 318
"../../../Engine/Content/Functions/Engine_MaterialFunctions02/Utility/BreakOutFloat2Components.uasset" 319
"../../../Engine/Content/Functions/Engine_MaterialFunctions02/Utility/BreakOutFloat2Components.uexp" 320
"../../../Engine/Content/EngineMaterials/DefaultPostProcessMaterial.uasset" 321
"../../../Engine/Content/EngineMaterials/DefaultPostProcessMaterial.uexp" 322
"../../../Engine/Content/EngineFonts/RobotoDistanceField.uasset" 323
"../../../Engine/Content/EngineFonts/RobotoDistanceField.uexp" 324
"../../../Engine/Content/EngineMaterials/DefaultTextMaterialOpaque.uasset" 325
"../../../Engine/Content/EngineMaterials/DefaultTextMaterialOpaque.uexp" 326
"../../../Engine/Content/EngineMaterials/DefaultWhiteGrid.uasset" 327
"../../../Engine/Content/EngineMaterials/DefaultWhiteGrid.uexp" 328
"../../../Engine/Content/EngineMaterials/DefaultWhiteGrid.ubulk" 329
"../../../Engine/Content/EngineMaterials/DefaultWhiteGrid_Low.uasset" 330
"../../../Engine/Content/EngineMaterials/DefaultWhiteGrid_Low.uexp" 331
"../../../Engine/Content/EngineMaterials/EmissiveMeshMaterial.uasset" 332
"../../../Engine/Content/EngineMaterials/EmissiveMeshMaterial.uexp" 333
"../../../Engine/Content/EngineMaterials/GizmoMaterial.uasset" 334
"../../../Engine/Content/EngineMaterials/GizmoMaterial.uexp" 335
"../../../Engine/Content/EngineMaterials/Good64x64TilingNoiseHighFreq.uasset" 336
"../../../Engine/Content/EngineMaterials/Good64x64TilingNoiseHighFreq.uexp" 337
"../../../Engine/Content/EngineMaterials/MiniFont.uasset" 338
"../../../Engine/Content/EngineMaterials/MiniFont.uexp" 339
"../../../Engine/Content/EngineMaterials/InvalidLightmapSettings.uasset" 340
"../../../Engine/Content/EngineMaterials/InvalidLightmapSettings.uexp" 341
"../../../Engine/Content/EngineMaterials/InvalidLightmapSettings.ubulk" 342
"../../../Engine/Content/EngineMaterials/M_InvalidLightmapSettings.uasset" 343
"../../../Engine/Content/EngineMaterials/M_InvalidLightmapSettings.uexp" 344
"../../../Engine/Content/Functions/Engine_MaterialFunctions02/WorldPositionOffset/CameraOffset.uasset" 345
"../../../Engine/Content/Functions/Engine_MaterialFunctions02/WorldPositionOffset/CameraOffset.uexp" 346
"../../../Engine/Content/EngineMaterials/PhAT_JointLimitMaterial.uasset" 347
"../../../Engine/Content/EngineMaterials/PhAT_JointLimitMaterial.uexp" 348
"../../../Engine/Content/EngineMaterials/DefaultCalibrationColor.uasset" 349
"../../../Engine/Content/EngineMaterials/DefaultCalibrationColor.uexp" 350
"../../../Engine/Content/EngineMaterials/PPM_DefaultCalibrationColor.uasset" 351
"../../../Engine/Content/EngineMaterials/PPM_DefaultCalibrationColor.uexp" 352
"../../../Engine/Content/EngineMaterials/DefaultCalibrationGrayscale.uasset" 353
"../../../Engine/Content/EngineMaterials/DefaultCalibrationGrayscale.uexp" 354
"../../../Engine/Content/EngineMaterials/PPM_DefaultCalibrationGrayscale.uasset" 355
"../../../Engine/Content/EngineMaterials/PPM_DefaultCalibrationGrayscale.uexp" 356
"../../../Engine/Content/EngineMaterials/PreintegratedSkinBRDF.uasset" 357
"../../../Engine/Content/EngineMaterials/PreintegratedSkinBRDF.uexp" 358
"../../../Engine/Content/EngineMaterials/RemoveSurfaceMaterial.uasset" 359
"../../../Engine/Content/EngineMaterials/RemoveSurfaceMaterial.uexp" 360
"../../../Engine/Content/EngineMaterials/WeightMapPlaceholderTexture.uasset" 361
"../../../Engine/Content/EngineMaterials/WeightMapPlaceholderTexture.uexp" 362
"../../../Engine/Content/EngineMaterials/Widget3DPassThrough_Masked.uasset" 363
"../../../Engine/Content/EngineMaterials/Widget3DPassThrough_Masked.uexp" 364
"../../../Engine/Content/EngineMaterials/Widget3DPassThrough_Opaque.uasset" 365
"../../../Engine/Content/EngineMaterials/Widget3DPassThrough_Opaque.uexp" 366
"../../../Engine/Content/EngineMaterials/Widget3DPassThrough_Masked_OneSided.uasset" 367
"../../../Engine/Content/EngineMaterials/Widget3DPassThrough_Masked_OneSided.uexp" 368
"../../../Engine/Content/EngineMaterials/Widget3DPassThrough_Opaque_OneSided.uasset" 369
"../../../Engine/Content/EngineMaterials/Widget3DPassThrough_Opaque_OneSided.uexp" 370
"../../../Engine/Content/EngineMaterials/Widget3DPassThrough_Translucent_OneSided.uasset" 371
"../../../Engine/Content/EngineMaterials/Widget3DPassThrough_Translucent_OneSided.uexp" 372
"../../../Engine/Content/EngineMeshes/Cylinder.uasset" 373
"../../../Engine/Content/EngineMeshes/Cylinder.uexp" 374
"../../../Engine/Content/EngineMeshes/Sphere.uasset" 375
"../../../Engine/Content/EngineMeshes/Sphere.uexp" 376
"../../../Engine/Content/EngineResources/DefaultTexture.uasset" 377
"../../../Engine/Content/EngineResources/DefaultTexture.uexp" 378
"../../../Engine/Content/EngineResources/DefaultTexture.ubulk" 379
"../../../Engine/Content/EngineResources/DefaultTextureCube.uasset" 380
"../../../Engine/Content/EngineResources/DefaultTextureCube.uexp" 381
"../../../Engine/Content/EngineResources/DefaultVolumeTexture2D.uasset" 382
"../../../Engine/Content/EngineResources/DefaultVolumeTexture2D.uexp" 383
"../../../Engine/Content/EngineResources/DefaultVolumeTexture.uasset" 384
"../../../Engine/Content/EngineResources/DefaultVolumeTexture.uexp" 385
"../../../Engine/Content/EngineResources/GradientTexture0.uasset" 386
"../../../Engine/Content/EngineResources/GradientTexture0.uexp" 387
"../../../Engine/Content/EngineSky/VolumetricClouds/T_NoiseShape64.uasset" 388
"../../../Engine/Content/EngineSky/VolumetricClouds/T_NoiseShape64.uexp" 389
"../../../Engine/Content/EngineSky/VolumetricClouds/T_NoiseShape64.ubulk" 390
"../../../Engine/Content/EngineSky/VolumetricClouds/T_VolumeNoiseShape64.uasset" 391
"../../../Engine/Content/EngineSky/VolumetricClouds/T_VolumeNoiseShape64.uexp" 392
"../../../Engine/Content/EngineSky/VolumetricClouds/T_NoiseErosion.uasset" 393
"../../../Engine/Content/EngineSky/VolumetricClouds/T_NoiseErosion.uexp" 394
"../../../Engine/Content/EngineSky/VolumetricClouds/T_NoiseErosion.ubulk" 395
"../../../Engine/Content/EngineSky/VolumetricClouds/T_VolumeNoiseErosion32.uasset" 396
"../../../Engine/Content/EngineSky/VolumetricClouds/T_VolumeNoiseErosion32.uexp" 397
"../../../Engine/Content/EngineSky/VolumetricClouds/CloudWeatherTexture.uasset" 398
"../../../Engine/Content/EngineSky/VolumetricClouds/CloudWeatherTexture.uexp" 399
"../../../Engine/Content/EngineSky/VolumetricClouds/CloudGradientTexture.uasset" 400
"../../../Engine/Content/EngineSky/VolumetricClouds/CloudGradientTexture.uexp" 401
"../../../Engine/Content/Functions/Engine_MaterialFunctions02/Utility/MakeFloat2.uasset" 402
"../../../Engine/Content/Functions/Engine_MaterialFunctions02/Utility/MakeFloat2.uexp" 403
"../../../Engine/Content/EngineSky/VolumetricClouds/m_SimpleVolumetricCloud.uasset" 404
"../../../Engine/Content/EngineSky/VolumetricClouds/m_SimpleVolumetricCloud.uexp" 405
"../../../Engine/Content/EngineSky/VolumetricClouds/m_SimpleVolumetricCloud_Inst.uasset" 406
"../../../Engine/Content/EngineSky/VolumetricClouds/m_SimpleVolumetricCloud_Inst.uexp" 407
"../../../Engine/Content/EngineSounds/Master.uasset" 408
"../../../Engine/Content/EngineSounds/Master.uexp" 409
"../../../Engine/Content/Functions/Engine_MaterialFunctions01/Shading/PowerToRoughness.uasset" 410
"../../../Engine/Content/Functions/Engine_MaterialFunctions01/Shading/PowerToRoughness.uexp" 411
"../../../Engine/Content/Maps/Templates/Thumbnails/Default.uasset" 412
"../../../Engine/Content/Maps/Templates/Thumbnails/Default.uexp" 413
"../../../Engine/Content/Maps/Templates/Thumbnails/TimeOfDay.uasset" 414
"../../../Engine/Content/Maps/Templates/Thumbnails/TimeOfDay.uexp" 415
"../../../Engine/Content/Maps/Templates/Thumbnails/VR-Basic.uasset" 416
"../../../Engine/Content/Maps/Templates/Thumbnails/VR-Basic.uexp" 417
"../../../Engine/Content/MobileResources/T_MobileControls_texture.uasset" 418
"../../../Engine/Content/MobileResources/T_MobileControls_texture.uexp" 419
"../../../Engine/Content/MobileResources/T_MobileMenu2.uasset" 420
"../../../Engine/Content/MobileResources/T_MobileMenu2.uexp" 421
"../../../Engine/Content/MobileResources/HUD/AnalogHat.uasset" 422
"../../../Engine/Content/MobileResources/HUD/AnalogHat.uexp" 423
"../../../Engine/Content/MobileResources/HUD/VirtualJoystick_Thumb.uasset" 424
"../../../Engine/Content/MobileResources/HUD/VirtualJoystick_Thumb.uexp" 425
"../../../Engine/Content/MobileResources/HUD/VirtualJoystick_Background.uasset" 426
"../../../Engine/Content/MobileResources/HUD/VirtualJoystick_Background.uexp" 427
"../../../Engine/Content/MobileResources/HUD/DefaultVirtualJoysticks.uasset" 428
"../../../Engine/Content/MobileResources/HUD/DefaultVirtualJoysticks.uexp" 429
"../../../Engine/Content/MobileResources/HUD/LeftVirtualJoystickOnly.uasset" 430
"../../../Engine/Content/MobileResources/HUD/LeftVirtualJoystickOnly.uexp" 431
"../../../Engine/Content/MobileResources/HUD/MobileHUDButton1_off.uasset" 432
"../../../Engine/Content/MobileResources/HUD/MobileHUDButton1_off.uexp" 433
"../../../Engine/Content/MobileResources/HUD/MobileHUDButton1_on.uasset" 434
"../../../Engine/Content/MobileResources/HUD/MobileHUDButton1_on.uexp" 435
"../../../Engine/Content/MobileResources/HUD/MobileHUDButton2_off.uasset" 436
"../../../Engine/Content/MobileResources/HUD/MobileHUDButton2_off.uexp" 437
"../../../Engine/Content/MobileResources/HUD/MobileHUDButton2_on.uasset" 438
"../../../Engine/Content/MobileResources/HUD/MobileHUDButton2_on.uexp" 439
"../../../Engine/Content/MobileResources/HUD/MobileHUDButton3.uasset" 440
"../../../Engine/Content/MobileResources/HUD/MobileHUDButton3.uexp" 441
"../../../Engine/Content/MobileResources/HUD/MobileHUDButtonFire.uasset" 442
"../../../Engine/Content/MobileResources/HUD/MobileHUDButtonFire.uexp" 443
"../../../Engine/Content/MobileResources/HUD/MobileHUDDirectionPad.uasset" 444
"../../../Engine/Content/MobileResources/HUD/MobileHUDDirectionPad.uexp" 445
"../../../Engine/Content/MobileResources/HUD/MobileHUDDirectionPad2.uasset" 446
"../../../Engine/Content/MobileResources/HUD/MobileHUDDirectionPad2.uexp" 447
"../../../Engine/Content/MobileResources/HUD/MobileHUDDirectionPad3.uasset" 448
"../../../Engine/Content/MobileResources/HUD/MobileHUDDirectionPad3.uexp" 449
"../../../Engine/Content/MobileResources/HUD/MobileHUDDirectionStick.uasset" 450
"../../../Engine/Content/MobileResources/HUD/MobileHUDDirectionStick.uexp" 451
"../../../Engine/Content/MobileResources/HUD/T_Castle_ThumbstickInner.uasset" 452
"../../../Engine/Content/MobileResources/HUD/T_Castle_ThumbstickInner.uexp" 453
"../../../Engine/Content/MobileResources/HUD/T_Castle_ThumbstickOutter.uasset" 454
"../../../Engine/Content/MobileResources/HUD/T_Castle_ThumbstickOutter.uexp" 455
"../../../Engine/Content/Tutorial/ContentIntroCurve.uasset" 456
"../../../Engine/Content/Tutorial/ContentIntroCurve.uexp" 457
"../../../Engine/Content/Tutorial/Basics/TutorialAssets/icon_tab_Levels_40x.uasset" 458
"../../../Engine/Content/Tutorial/Basics/TutorialAssets/icon_tab_Levels_40x.uexp" 459
"../../../Engine/Content/Tutorial/BlueprintTutorials/TutorialAssets/Blueprint_64x.uasset" 460
"../../../Engine/Content/Tutorial/BlueprintTutorials/TutorialAssets/Blueprint_64x.uexp" 461
"../../../Engine/Content/Tutorial/SubEditors/TutorialAssets/TutorialMaterial.uasset" 462
"../../../Engine/Content/Tutorial/SubEditors/TutorialAssets/TutorialMaterial.uexp" 463
"../../../Engine/Content/VREditor/TransformGizmo/TranslucentTransformGizmoMaterial.uasset" 464
"../../../Engine/Content/VREditor/TransformGizmo/TranslucentTransformGizmoMaterial.uexp" 465
"../../../Engine/Content/VREditor/LaserPointer/VR_LaserPower_01.uasset" 466
"../../../Engine/Content/VREditor/LaserPointer/VR_LaserPower_01.uexp" 467
"../../../Engine/Content/VREditor/LaserPointer/VR_LaserPower_01.ubulk" 468
"../../../Engine/Content/VREditor/TransformGizmo/TransformGizmoMaterial.uasset" 469
"../../../Engine/Content/VREditor/TransformGizmo/TransformGizmoMaterial.uexp" 470
"../../../Engine/Content/VREditor/TransformGizmo/BoundingBoxCorner.uasset" 471
"../../../Engine/Content/VREditor/TransformGizmo/BoundingBoxCorner.uexp" 472
"../../../Engine/Content/VREditor/TransformGizmo/BoundingBoxEdge.uasset" 473
"../../../Engine/Content/VREditor/TransformGizmo/BoundingBoxEdge.uexp" 474
"../../../Engine/Content/VREditor/TransformGizmo/PlaneTranslationHandle.uasset" 475
"../../../Engine/Content/VREditor/TransformGizmo/PlaneTranslationHandle.uexp" 476
"../../../Engine/Content/VREditor/TransformGizmo/Xray.uasset" 477
"../../../Engine/Content/VREditor/TransformGizmo/Xray.uexp" 478
"../../../Engine/Content/VREditor/TransformGizmo/Main.uasset" 479
"../../../Engine/Content/VREditor/TransformGizmo/Main.uexp" 480
"../../../Engine/Content/VREditor/TransformGizmo/SM_Sequencer_Key.uasset" 481
"../../../Engine/Content/VREditor/TransformGizmo/SM_Sequencer_Key.uexp" 482
"../../../Engine/Content/VREditor/TransformGizmo/SM_Sequencer_Node.uasset" 483
"../../../Engine/Content/VREditor/TransformGizmo/SM_Sequencer_Node.uexp" 484
"../../../Engine/Plugins/2D/Paper2D/Content/PlaceholderTextures/DummySpriteTexture.uasset" 485
"../../../Engine/Plugins/2D/Paper2D/Content/PlaceholderTextures/DummySpriteTexture.uexp" 486
"../../../Engine/Plugins/2D/Paper2D/Content/PlaceholderTextures/DummySpriteTexture.ubulk" 487
"../../../Engine/Plugins/2D/Paper2D/Content/DummySprite.uasset" 488
"../../../Engine/Plugins/2D/Paper2D/Content/DummySprite.uexp" 489
"../../../Engine/Plugins/2D/Paper2D/Content/DefaultPaperTerrainMaterial.uasset" 490
"../../../Engine/Plugins/2D/Paper2D/Content/DefaultPaperTerrainMaterial.uexp" 491
"../../../Engine/Plugins/2D/Paper2D/Content/DefaultSpriteMaterial.uasset" 492
"../../../Engine/Plugins/2D/Paper2D/Content/DefaultSpriteMaterial.uexp" 493
"../../../Engine/Plugins/2D/Paper2D/Content/MaskedUnlitSpriteMaterial.uasset" 494
"../../../Engine/Plugins/2D/Paper2D/Content/MaskedUnlitSpriteMaterial.uexp" 495
"../../../Engine/Plugins/2D/Paper2D/Content/OpaqueUnlitSpriteMaterial.uasset" 496
"../../../Engine/Plugins/2D/Paper2D/Content/OpaqueUnlitSpriteMaterial.uexp" 497
"../../../Engine/Content/Functions/Engine_MaterialFunctions02/ObjectLocalBounds.uasset" 498
"../../../Engine/Content/Functions/Engine_MaterialFunctions02/ObjectLocalBounds.uexp" 499
"../../../Engine/Content/Functions/Engine_MaterialFunctions02/Utility/VectorLength.uasset" 500
"../../../Engine/Content/Functions/Engine_MaterialFunctions02/Utility/VectorLength.uexp" 501
"../../../Engine/Content/Functions/Engine_MaterialFunctions02/Utility/BreakOutFloat3Components.uasset" 502
"../../../Engine/Content/Functions/Engine_MaterialFunctions02/Utility/BreakOutFloat3Components.uexp" 503
"../../../Engine/Plugins/Editor/SpeedTreeImporter/Content/SpeedTree9/UnpackInteger3.uasset" 504
"../../../Engine/Plugins/Editor/SpeedTreeImporter/Content/SpeedTree9/UnpackInteger3.uexp" 505
"../../../Engine/Plugins/Editor/SpeedTreeImporter/Content/SpeedTree9/UnpackDirection.uasset" 506
"../../../Engine/Plugins/Editor/SpeedTreeImporter/Content/SpeedTree9/UnpackDirection.uexp" 507
"../../../Engine/Plugins/Editor/SpeedTreeImporter/Content/SpeedTree9/game_wind_noise.uasset" 508
"../../../Engine/Plugins/Editor/SpeedTreeImporter/Content/SpeedTree9/game_wind_noise.uexp" 509
"../../../Engine/Plugins/Editor/SpeedTreeImporter/Content/SpeedTree9/game_wind_noise.ubulk" 510
"../../../Engine/Content/Functions/Engine_MaterialFunctions02/SafeNormalize.uasset" 511
"../../../Engine/Content/Functions/Engine_MaterialFunctions02/SafeNormalize.uexp" 512
"../../../Engine/Plugins/Editor/SpeedTreeImporter/Content/SpeedTree9/SpeedTreeWindMotion.uasset" 513
"../../../Engine/Plugins/Editor/SpeedTreeImporter/Content/SpeedTree9/SpeedTreeWindMotion.uexp" 514
"../../../Engine/Plugins/Editor/SpeedTreeImporter/Content/SpeedTree9/SpeedTreeBranchMotion.uasset" 515
"../../../Engine/Plugins/Editor/SpeedTreeImporter/Content/SpeedTree9/SpeedTreeBranchMotion.uexp" 516
"../../../Engine/Content/Functions/Engine_MaterialFunctions02/UVs/BoundingBoxBased_0-1_UVW.uasset" 517
"../../../Engine/Content/Functions/Engine_MaterialFunctions02/UVs/BoundingBoxBased_0-1_UVW.uexp" 518
"../../../Engine/Content/Functions/Engine_MaterialFunctions02/WorldPositionOffset/ObjectScale.uasset" 519
"../../../Engine/Content/Functions/Engine_MaterialFunctions02/WorldPositionOffset/ObjectScale.uexp" 520
"../../../Engine/Plugins/Editor/SpeedTreeImporter/Content/SpeedTree9/SpeedTreeWind.uasset" 521
"../../../Engine/Plugins/Editor/SpeedTreeImporter/Content/SpeedTree9/SpeedTreeWind.uexp" 522
"../../../Engine/Plugins/Editor/SpeedTreeImporter/Content/SpeedTree9/SpeedTreeBillboard.uasset" 523
"../../../Engine/Plugins/Editor/SpeedTreeImporter/Content/SpeedTree9/SpeedTreeBillboard.uexp" 524
"../../../Engine/Plugins/Editor/SpeedTreeImporter/Content/SpeedTree9/EmptyNormal.uasset" 525
"../../../Engine/Plugins/Editor/SpeedTreeImporter/Content/SpeedTree9/EmptyNormal.uexp" 526
"../../../Engine/Plugins/Editor/SpeedTreeImporter/Content/SpeedTree9/Empty.uasset" 527
"../../../Engine/Plugins/Editor/SpeedTreeImporter/Content/SpeedTree9/Empty.uexp" 528
"../../../Engine/Plugins/Editor/SpeedTreeImporter/Content/SpeedTree9/SpeedTreeBillboardMaster.uasset" 529
"../../../Engine/Plugins/Editor/SpeedTreeImporter/Content/SpeedTree9/SpeedTreeBillboardMaster.uexp" 530
"../../../Engine/Plugins/Editor/SpeedTreeImporter/Content/SpeedTree9/SpeedTreeCameraFacing.uasset" 531
"../../../Engine/Plugins/Editor/SpeedTreeImporter/Content/SpeedTree9/SpeedTreeCameraFacing.uexp" 532
"../../../Engine/Plugins/Editor/SpeedTreeImporter/Content/SpeedTree9/SpeedTreeMaster.uasset" 533
"../../../Engine/Plugins/Editor/SpeedTreeImporter/Content/SpeedTree9/SpeedTreeMaster.uexp" 534
"../../../Engine/Content/ArtTools/RenderToTexture/Materials/Debug/M_Emissive_Color.uasset" 535
"../../../Engine/Content/ArtTools/RenderToTexture/Materials/Debug/M_Emissive_Color.uexp" 536
"../../../Engine/Content/BasicShapes/Cylinder.uasset" 537
"../../../Engine/Content/BasicShapes/Cylinder.uexp" 538
"../../../Engine/Plugins/Lumin/MagicLeapPassableWorld/Content/MagicLeapARPinInfoActor.uasset" 539
"../../../Engine/Plugins/Lumin/MagicLeapPassableWorld/Content/MagicLeapARPinInfoActor.uexp" 540
"../../../Engine/Plugins/Runtime/OpenXR/Content/Devices/GoogleDaydream/MRTexture.uasset" 541
"../../../Engine/Plugins/Runtime/OpenXR/Content/Devices/GoogleDaydream/MRTexture.uexp" 542
"../../../Engine/Plugins/Runtime/OpenXR/Content/Devices/GoogleDaydream/MRTexture.ubulk" 543
"../../../Engine/Plugins/Runtime/OpenXR/Content/Devices/GoogleDaydream/BaseTexture.uasset" 544
"../../../Engine/Plugins/Runtime/OpenXR/Content/Devices/GoogleDaydream/BaseTexture.uexp" 545
"../../../Engine/Plugins/Runtime/OpenXR/Content/Devices/GoogleDaydream/BaseTexture.ubulk" 546
"../../../Engine/Content/EngineResources/Black.uasset" 547
"../../../Engine/Content/EngineResources/Black.uexp" 548
"../../../Engine/Plugins/Runtime/OpenXR/Content/Devices/M_XRController.uasset" 549
"../../../Engine/Plugins/Runtime/OpenXR/Content/Devices/M_XRController.uexp" 550
"../../../Engine/Plugins/Runtime/OpenXR/Content/Devices/GoogleDaydream/MI_GoogleDaydream.uasset" 551
"../../../Engine/Plugins/Runtime/OpenXR/Content/Devices/GoogleDaydream/MI_GoogleDaydream.uexp" 552
"../../../Engine/Plugins/Runtime/OpenXR/Content/Devices/GoogleDaydream/GoogleDaydreamController.uasset" 553
"../../../Engine/Plugins/Runtime/OpenXR/Content/Devices/GoogleDaydream/GoogleDaydreamController.uexp" 554
"../../../Engine/Plugins/Runtime/OpenXR/Content/Devices/HTCVive/BaseTexture.uasset" 555
"../../../Engine/Plugins/Runtime/OpenXR/Content/Devices/HTCVive/BaseTexture.uexp" 556
"../../../Engine/Plugins/Runtime/OpenXR/Content/Devices/HTCVive/BaseTexture.ubulk" 557
"../../../Engine/Plugins/Runtime/OpenXR/Content/Devices/HTCVive/MI_HTCVive.uasset" 558
"../../../Engine/Plugins/Runtime/OpenXR/Content/Devices/HTCVive/MI_HTCVive.uexp" 559
"../../../Engine/Plugins/Runtime/OpenXR/Content/Devices/HTCVive/HTCViveController.uasset" 560
"../../../Engine/Plugins/Runtime/OpenXR/Content/Devices/HTCVive/HTCViveController.uexp" 561
"../../../Engine/Plugins/Runtime/OpenXR/Content/Devices/MicrosoftMixedReality/NormalTexture.uasset" 562
"../../../Engine/Plugins/Runtime/OpenXR/Content/Devices/MicrosoftMixedReality/NormalTexture.uexp" 563
"../../../Engine/Plugins/Runtime/OpenXR/Content/Devices/MicrosoftMixedReality/NormalTexture.ubulk" 564
"../../../Engine/Plugins/Runtime/OpenXR/Content/Devices/MicrosoftMixedReality/MRTexture.uasset" 565
"../../../Engine/Plugins/Runtime/OpenXR/Content/Devices/MicrosoftMixedReality/MRTexture.uexp" 566
"../../../Engine/Plugins/Runtime/OpenXR/Content/Devices/MicrosoftMixedReality/MRTexture.ubulk" 567
"../../../Engine/Plugins/Runtime/OpenXR/Content/Devices/MicrosoftMixedReality/EmissiveTexture.uasset" 568
"../../../Engine/Plugins/Runtime/OpenXR/Content/Devices/MicrosoftMixedReality/EmissiveTexture.uexp" 569
"../../../Engine/Plugins/Runtime/OpenXR/Content/Devices/MicrosoftMixedReality/EmissiveTexture.ubulk" 570
"../../../Engine/Plugins/Runtime/OpenXR/Content/Devices/MicrosoftMixedReality/BaseTexture.uasset" 571
"../../../Engine/Plugins/Runtime/OpenXR/Content/Devices/MicrosoftMixedReality/BaseTexture.uexp" 572
"../../../Engine/Plugins/Runtime/OpenXR/Content/Devices/MicrosoftMixedReality/BaseTexture.ubulk" 573
"../../../Engine/Plugins/Runtime/OpenXR/Content/Devices/MicrosoftMixedReality/MI_MicrosoftMixedReality.uasset" 574
"../../../Engine/Plugins/Runtime/OpenXR/Content/Devices/MicrosoftMixedReality/MI_MicrosoftMixedReality.uexp" 575
"../../../Engine/Plugins/Runtime/OpenXR/Content/Devices/MicrosoftMixedReality/Left/left_MicrosoftMixedRealityController.uasset" 576
"../../../Engine/Plugins/Runtime/OpenXR/Content/Devices/MicrosoftMixedReality/Left/left_MicrosoftMixedRealityController.uexp" 577
"../../../Engine/Plugins/Runtime/OpenXR/Content/Devices/MicrosoftMixedReality/Right/right_MicrosoftMixedRealityController.uasset" 578
"../../../Engine/Plugins/Runtime/OpenXR/Content/Devices/MicrosoftMixedReality/Right/right_MicrosoftMixedRealityController.uexp" 579
"../../../Engine/Plugins/Runtime/OpenXR/Content/Devices/OculusGo/BaseTexture.uasset" 580
"../../../Engine/Plugins/Runtime/OpenXR/Content/Devices/OculusGo/BaseTexture.uexp" 581
"../../../Engine/Plugins/Runtime/OpenXR/Content/Devices/OculusGo/BaseTexture.ubulk" 582
"../../../Engine/Plugins/Runtime/OpenXR/Content/Devices/OculusGo/MI_OculusGo.uasset" 583
"../../../Engine/Plugins/Runtime/OpenXR/Content/Devices/OculusGo/MI_OculusGo.uexp" 584
"../../../Engine/Plugins/Runtime/OpenXR/Content/Devices/OculusGo/OculusGoController.uasset" 585
"../../../Engine/Plugins/Runtime/OpenXR/Content/Devices/OculusGo/OculusGoController.uexp" 586
"../../../Engine/Plugins/Runtime/OpenXR/Content/Devices/OculusTouch/MRTexture.uasset" 587
"../../../Engine/Plugins/Runtime/OpenXR/Content/Devices/OculusTouch/MRTexture.uexp" 588
"../../../Engine/Plugins/Runtime/OpenXR/Content/Devices/OculusTouch/MRTexture.ubulk" 589
"../../../Engine/Plugins/Runtime/OpenXR/Content/Devices/OculusTouch/BaseTexture.uasset" 590
"../../../Engine/Plugins/Runtime/OpenXR/Content/Devices/OculusTouch/BaseTexture.uexp" 591
"../../../Engine/Plugins/Runtime/OpenXR/Content/Devices/OculusTouch/BaseTexture.ubulk" 592
"../../../Engine/Plugins/Runtime/OpenXR/Content/Devices/OculusTouch/MI_OculusTouch.uasset" 593
"../../../Engine/Plugins/Runtime/OpenXR/Content/Devices/OculusTouch/MI_OculusTouch.uexp" 594
"../../../Engine/Plugins/Runtime/OpenXR/Content/Devices/OculusTouch/Left/left_OculusTouchController.uasset" 595
"../../../Engine/Plugins/Runtime/OpenXR/Content/Devices/OculusTouch/Left/left_OculusTouchController.uexp" 596
"../../../Engine/Plugins/Runtime/OpenXR/Content/Devices/OculusTouch/Right/right_OculusTouchController.uasset" 597
"../../../Engine/Plugins/Runtime/OpenXR/Content/Devices/OculusTouch/Right/right_OculusTouchController.uexp" 598
"../../../Engine/Plugins/Runtime/OpenXR/Content/Devices/OculusTouch_v2/MRTexture.uasset" 599
"../../../Engine/Plugins/Runtime/OpenXR/Content/Devices/OculusTouch_v2/MRTexture.uexp" 600
"../../../Engine/Plugins/Runtime/OpenXR/Content/Devices/OculusTouch_v2/MRTexture.ubulk" 601
"../../../Engine/Plugins/Runtime/OpenXR/Content/Devices/OculusTouch_v2/BaseTexture.uasset" 602
"../../../Engine/Plugins/Runtime/OpenXR/Content/Devices/OculusTouch_v2/BaseTexture.uexp" 603
"../../../Engine/Plugins/Runtime/OpenXR/Content/Devices/OculusTouch_v2/BaseTexture.ubulk" 604
"../../../Engine/Plugins/Runtime/OpenXR/Content/Devices/OculusTouch_v2/MI_OculusTouch_v2.uasset" 605
"../../../Engine/Plugins/Runtime/OpenXR/Content/Devices/OculusTouch_v2/MI_OculusTouch_v2.uexp" 606
"../../../Engine/Plugins/Runtime/OpenXR/Content/Devices/OculusTouch_v2/Left/left_OculusTouch_v2Controller.uasset" 607
"../../../Engine/Plugins/Runtime/OpenXR/Content/Devices/OculusTouch_v2/Left/left_OculusTouch_v2Controller.uexp" 608
"../../../Engine/Plugins/Runtime/OpenXR/Content/Devices/OculusTouch_v2/Right/right_OculusTouch_v2Controller.uasset" 609
"../../../Engine/Plugins/Runtime/OpenXR/Content/Devices/OculusTouch_v2/Right/right_OculusTouch_v2Controller.uexp" 610
"../../../Engine/Plugins/Runtime/OpenXR/Content/Devices/OculusTouch_v3/MRTexture.uasset" 611
"../../../Engine/Plugins/Runtime/OpenXR/Content/Devices/OculusTouch_v3/MRTexture.uexp" 612
"../../../Engine/Plugins/Runtime/OpenXR/Content/Devices/OculusTouch_v3/MRTexture.ubulk" 613
"../../../Engine/Plugins/Runtime/OpenXR/Content/Devices/OculusTouch_v3/BaseTexture.uasset" 614
"../../../Engine/Plugins/Runtime/OpenXR/Content/Devices/OculusTouch_v3/BaseTexture.uexp" 615
"../../../Engine/Plugins/Runtime/OpenXR/Content/Devices/OculusTouch_v3/BaseTexture.ubulk" 616
"../../../Engine/Plugins/Runtime/OpenXR/Content/Devices/OculusTouch_v3/MI_OculusTouch_v3.uasset" 617
"../../../Engine/Plugins/Runtime/OpenXR/Content/Devices/OculusTouch_v3/MI_OculusTouch_v3.uexp" 618
"../../../Engine/Plugins/Runtime/OpenXR/Content/Devices/OculusTouch_v3/Left/left_OculusTouch_v3Controller.uasset" 619
"../../../Engine/Plugins/Runtime/OpenXR/Content/Devices/OculusTouch_v3/Left/left_OculusTouch_v3Controller.uexp" 620
"../../../Engine/Plugins/Runtime/OpenXR/Content/Devices/OculusTouch_v3/Right/right_OculusTouch_v3Controller.uasset" 621
"../../../Engine/Plugins/Runtime/OpenXR/Content/Devices/OculusTouch_v3/Right/right_OculusTouch_v3Controller.uexp" 622
"../../../Engine/Plugins/Runtime/OpenXR/Content/Devices/ValveIndex/Left/left_MRTexture.uasset" 623
"../../../Engine/Plugins/Runtime/OpenXR/Content/Devices/ValveIndex/Left/left_MRTexture.uexp" 624
"../../../Engine/Plugins/Runtime/OpenXR/Content/Devices/ValveIndex/Left/left_MRTexture.ubulk" 625
"../../../Engine/Plugins/Runtime/OpenXR/Content/Devices/ValveIndex/Left/left_BaseTexture.uasset" 626
"../../../Engine/Plugins/Runtime/OpenXR/Content/Devices/ValveIndex/Left/left_BaseTexture.uexp" 627
"../../../Engine/Plugins/Runtime/OpenXR/Content/Devices/ValveIndex/Left/left_BaseTexture.ubulk" 628
"../../../Engine/Plugins/Runtime/OpenXR/Content/Devices/ValveIndex/Left/MI_left_ValveIndex.uasset" 629
"../../../Engine/Plugins/Runtime/OpenXR/Content/Devices/ValveIndex/Left/MI_left_ValveIndex.uexp" 630
"../../../Engine/Plugins/Runtime/OpenXR/Content/Devices/ValveIndex/Left/left_ValveIndexController.uasset" 631
"../../../Engine/Plugins/Runtime/OpenXR/Content/Devices/ValveIndex/Left/left_ValveIndexController.uexp" 632
"../../../Engine/Plugins/Runtime/OpenXR/Content/Devices/ValveIndex/Right/right_MRTexture.uasset" 633
"../../../Engine/Plugins/Runtime/OpenXR/Content/Devices/ValveIndex/Right/right_MRTexture.uexp" 634
"../../../Engine/Plugins/Runtime/OpenXR/Content/Devices/ValveIndex/Right/right_MRTexture.ubulk" 635
"../../../Engine/Plugins/Runtime/OpenXR/Content/Devices/ValveIndex/Right/right_BaseTexture.uasset" 636
"../../../Engine/Plugins/Runtime/OpenXR/Content/Devices/ValveIndex/Right/right_BaseTexture.uexp" 637
"../../../Engine/Plugins/Runtime/OpenXR/Content/Devices/ValveIndex/Right/right_BaseTexture.ubulk" 638
"../../../Engine/Plugins/Runtime/OpenXR/Content/Devices/ValveIndex/Right/MI_right_ValveIndex.uasset" 639
"../../../Engine/Plugins/Runtime/OpenXR/Content/Devices/ValveIndex/Right/MI_right_ValveIndex.uexp" 640
"../../../Engine/Plugins/Runtime/OpenXR/Content/Devices/ValveIndex/Right/right_ValveIndexController.uasset" 641
"../../../Engine/Plugins/Runtime/OpenXR/Content/Devices/ValveIndex/Right/right_ValveIndexController.uexp" 642
"../../../Engine/Content/Functions/Engine_MaterialFunctions02/Utility/BreakOutFloat4Components.uasset" 643
"../../../Engine/Content/Functions/Engine_MaterialFunctions02/Utility/BreakOutFloat4Components.uexp" 644
"../../../Engine/Content/Functions/Engine_MaterialFunctions02/Utility/MakeFloat3.uasset" 645
"../../../Engine/Content/Functions/Engine_MaterialFunctions02/Utility/MakeFloat3.uexp" 646
"../../../Engine/Plugins/Runtime/Oculus/OculusVR/Content/Materials/OculusMR_ChromaKey.uasset" 647
"../../../Engine/Plugins/Runtime/Oculus/OculusVR/Content/Materials/OculusMR_ChromaKey.uexp" 648
"../../../Engine/Plugins/Runtime/Oculus/OculusVR/Content/Materials/OculusMR_OpaqueColoredMaterial.uasset" 649
"../../../Engine/Plugins/Runtime/Oculus/OculusVR/Content/Materials/OculusMR_OpaqueColoredMaterial.uexp" 650
"../../../Engine/Plugins/Runtime/Oculus/OculusVR/Content/Materials/PokeAHoleMaterial.uasset" 651
"../../../Engine/Plugins/Runtime/Oculus/OculusVR/Content/Materials/PokeAHoleMaterial.uexp" 652
"../../../Engine/Plugins/Runtime/Oculus/OculusVR/Content/Textures/touchController_controlmap.uasset" 653
"../../../Engine/Plugins/Runtime/Oculus/OculusVR/Content/Textures/touchController_controlmap.uexp" 654
"../../../Engine/Plugins/Runtime/Oculus/OculusVR/Content/Textures/touchController_controlmap.ubulk" 655
"../../../Engine/Plugins/Runtime/Oculus/OculusVR/Content/Textures/touchController_albedo.uasset" 656
"../../../Engine/Plugins/Runtime/Oculus/OculusVR/Content/Textures/touchController_albedo.uexp" 657
"../../../Engine/Plugins/Runtime/Oculus/OculusVR/Content/Textures/touchController_albedo.ubulk" 658
"../../../Engine/Plugins/Runtime/Oculus/OculusVR/Content/Materials/touchController_mat.uasset" 659
"../../../Engine/Plugins/Runtime/Oculus/OculusVR/Content/Materials/touchController_mat.uexp" 660
"../../../Engine/Plugins/Runtime/Oculus/OculusVR/Content/Meshes/LeftTouchController.uasset" 661
"../../../Engine/Plugins/Runtime/Oculus/OculusVR/Content/Meshes/LeftTouchController.uexp" 662
"../../../Engine/Plugins/Runtime/Oculus/OculusVR/Content/Textures/TouchForQuestRiftSController_albedo.uasset" 663
"../../../Engine/Plugins/Runtime/Oculus/OculusVR/Content/Textures/TouchForQuestRiftSController_albedo.uexp" 664
"../../../Engine/Plugins/Runtime/Oculus/OculusVR/Content/Textures/TouchForQuestRiftSController_albedo.ubulk" 665
"../../../Engine/Plugins/Runtime/Oculus/OculusVR/Content/Materials/TouchForQuestRiftSControllerMaterial.uasset" 666
"../../../Engine/Plugins/Runtime/Oculus/OculusVR/Content/Materials/TouchForQuestRiftSControllerMaterial.uexp" 667
"../../../Engine/Plugins/Runtime/Oculus/OculusVR/Content/Meshes/LeftTouchForQuestRiftSController.uasset" 668
"../../../Engine/Plugins/Runtime/Oculus/OculusVR/Content/Meshes/LeftTouchForQuestRiftSController.uexp" 669
"../../../Engine/Plugins/Runtime/Oculus/OculusVR/Content/Meshes/RiftHMD.uasset" 670
"../../../Engine/Plugins/Runtime/Oculus/OculusVR/Content/Meshes/RiftHMD.uexp" 671
"../../../Engine/Plugins/Runtime/Oculus/OculusVR/Content/Meshes/RightTouchController.uasset" 672
"../../../Engine/Plugins/Runtime/Oculus/OculusVR/Content/Meshes/RightTouchController.uexp" 673
"../../../Engine/Plugins/Runtime/Oculus/OculusVR/Content/Meshes/RightTouchForQuestRiftSController.uasset" 674
"../../../Engine/Plugins/Runtime/Oculus/OculusVR/Content/Meshes/RightTouchForQuestRiftSController.uexp" 675
"H:/GameDev/LuxJam/WarMaChain/Content/Playfab/BP_GM.uasset" 676
"H:/GameDev/LuxJam/WarMaChain/Content/Playfab/BP_GM.uexp" 677
"H:/GameDev/LuxJam/WarMaChain/Content/Maps/Untitled_P.uexp" 678
"H:/GameDev/LuxJam/WarMaChain/Content/Maps/Untitled_P.umap" 679
"../../../Engine/Content/MapTemplates/SM_Template_Map_Floor.uasset" 680
"../../../Engine/Content/MapTemplates/SM_Template_Map_Floor.uexp" 681
"../../../Engine/Content/EngineSky/T_Sky_Stars.uasset" 682
"../../../Engine/Content/EngineSky/T_Sky_Stars.uexp" 683
"../../../Engine/Content/EngineSky/T_Sky_Stars.ubulk" 684
"../../../Engine/Content/EngineSky/T_Sky_Clouds_M.uasset" 685
"../../../Engine/Content/EngineSky/T_Sky_Clouds_M.uexp" 686
"../../../Engine/Content/EngineSky/T_Sky_Clouds_M.ubulk" 687
"../../../Engine/Content/EngineSky/T_Sky_Blue.uasset" 688
"../../../Engine/Content/EngineSky/T_Sky_Blue.uexp" 689
"../../../Engine/Content/EngineSky/T_Sky_Blue.ubulk" 690
"../../../Engine/Content/EngineSky/M_Sky_Panning_Clouds2.uasset" 691
"../../../Engine/Content/EngineSky/M_Sky_Panning_Clouds2.uexp" 692
"../../../Engine/Content/EngineSky/SM_SkySphere.uasset" 693
"../../../Engine/Content/EngineSky/SM_SkySphere.uexp" 694
"../../../Engine/Content/EngineSky/C_Sky_Zenith_Color.uasset" 695
"../../../Engine/Content/EngineSky/C_Sky_Zenith_Color.uexp" 696
"../../../Engine/Content/EngineSky/C_Sky_Horizon_Color.uasset" 697
"../../../Engine/Content/EngineSky/C_Sky_Horizon_Color.uexp" 698
"../../../Engine/Content/EngineSky/C_Sky_Cloud_Color.uasset" 699
"../../../Engine/Content/EngineSky/C_Sky_Cloud_Color.uexp" 700
"../../../Engine/Content/EngineSky/BP_Sky_Sphere.uasset" 701
"../../../Engine/Content/EngineSky/BP_Sky_Sphere.uexp" 702
"H:/GameDev/LuxJam/WarMaChain/Content/Maps/Untitled_BuiltData.uasset" 703
"H:/GameDev/LuxJam/WarMaChain/Content/Maps/Untitled_BuiltData.uexp" 704
"H:/GameDev/LuxJam/WarMaChain/Content/Maps/Untitled_BuiltData.ubulk" 705
"H:/GameDev/LuxJam/WarMaChain/Content/Maps/Untitled.uexp" 706
"H:/GameDev/LuxJam/WarMaChain/Content/Maps/Untitled.umap" 707
"H:/GameDev/LuxJam/WarMaChain/Content/Maps/ChainReactor_P.uexp" 708
"H:/GameDev/LuxJam/WarMaChain/Content/Maps/ChainReactor_P.umap" 709
"H:/GameDev/LuxJam/WarMaChain/Content/Playfab/BP_GM_PF.uasset" 710
"H:/GameDev/LuxJam/WarMaChain/Content/Playfab/BP_GM_PF.uexp" 711
"H:/GameDev/LuxJam/WarMaChain/Content/Maps/L_Login.uexp" 712
"H:/GameDev/LuxJam/WarMaChain/Content/Maps/L_Login.umap" 713
"H:/GameDev/LuxJam/WarMaChain/Content/Maps/ChainReactor_BuiltData.uasset" 714
"H:/GameDev/LuxJam/WarMaChain/Content/Maps/ChainReactor_BuiltData.uexp" 715
"H:/GameDev/LuxJam/WarMaChain/Content/Maps/ChainReactor.uexp" 716
"H:/GameDev/LuxJam/WarMaChain/Content/Maps/ChainReactor.umap" 717
"../../../Engine/Content/Maps/Entry_BuiltData.uasset" 718
"../../../Engine/Content/Maps/Entry_BuiltData.uexp" 719
"../../../Engine/Content/Maps/Entry.uexp" 720
"../../../Engine/Content/Maps/Entry.umap" 721
